<?xml version="1.0" encoding="UTF-8"?>
<!-- Generated by org.testng.reporters.JUnitReportReporter -->
<testsuite hostname="Windows-Module.local" name="CucumberFramework.AppTest" tests="1" failures="0" timestamp="4 Jan 2021 01:07:57 GMT" time="0.003" errors="0">
  <testcase name="shouldAnswerWithTrue" time="0.003" classname="CucumberFramework.AppTest"/>
</testsuite> <!-- CucumberFramework.AppTest -->
